[studiowaterbear.com/index.html]
[backblue.gif]
[fade.gif]
[index.html]
[studiowaterbear.com/favicons/f417d7b0-aacd-49e1-a8bb-ec61d0e878de/favicon-16x16.png]
[studiowaterbear.com/favicons/f417d7b0-aacd-49e1-a8bb-ec61d0e878de/favicon-32x32.png]
[studiowaterbear.com/__fonts/source-serif-pro-normal-200.woff2]
[studiowaterbear.com/__fonts/source-serif-pro-italic-200.woff2]
[studiowaterbear.com/__fonts/source-serif-pro-normal-300.woff2]
[studiowaterbear.com/__fonts/source-serif-pro-italic-300.woff2]
[studiowaterbear.com/__fonts/source-serif-pro-normal-400.woff2]
[studiowaterbear.com/__fonts/source-serif-pro-italic-400.woff2]
[studiowaterbear.com/__fonts/source-serif-pro-normal-600.woff2]
[studiowaterbear.com/__fonts/source-serif-pro-italic-600.woff2]
[studiowaterbear.com/__fonts/source-serif-pro-normal-700.woff2]
[studiowaterbear.com/__fonts/source-serif-pro-italic-700.woff2]
[studiowaterbear.com/__fonts/source-serif-pro-normal-900.woff2]
[studiowaterbear.com/__fonts/source-serif-pro-italic-900.woff2]
[studiowaterbear.com/__static/63b995a0b5709ded65f0411f7905641a/cover-art-1(3).jpg]
[studiowaterbear.com/contact/index.html]
[studiowaterbear.com/soul-devourer/index.html]
[studiowaterbear.com/about-us/index.html]
[studiowaterbear.com/__static/0e82323d4951059d8bd1a510a49c6f23/library_logo_transparent(2).png]
[studiowaterbear.com/bundle/publish/0.43.5/vendors.js]
[studiowaterbear.com/privacy-and-cookies-policy/index.html]
[studiowaterbear.com/bundle/publish/0.43.5/bundle.js]
[studiowaterbear.com/index.html]
[studiowaterbear.com/bundle/publish/0.43.5/publish.css]
[studiowaterbear.com/styles/f417d7b0-aacd-49e1-a8bb-ec61d0e878de6fa4.css]
[studiowaterbear.com/__static/b58f64da570f60863e0a5cac69bc0277/banner.jpg]
[studiowaterbear.com/__static/569e4175b278eb043d9ddb4d3b455c09/8.jpg]
[studiowaterbear.com/__static/e0c7d4c343a63f7a9c41baa0ada84c5d/5-11-2023-4_-04-_41-pm.png]
[studiowaterbear.com/__static/d679fb811e30c40ae765436b4d6dcabd/1.jpg]
[studiowaterbear.com/__static/b88a4ed4d571be749b6952323a24d9c2/3.jpg]
[studiowaterbear.com/__static/cac97b9c44ebab0c158cedc33d61ee25/12.jpg]
[studiowaterbear.com/__static/19c3fa67328cf69b9df4c0b0dcb360e3/2(2).jpg]
[studiowaterbear.com/__static/dc94cc04a61bce38196b9e045065fe48/5.jpg]
[studiowaterbear.com/__static/aba5ec30ea16ab2c883f0874c8bbef9f/4.jpg]
[studiowaterbear.com/__static/4fd24e7565b683c28a863b68b92d1f07/13.jpg]
[studiowaterbear.com/__static/a3801b7352b311a183fb4fb7cb2795e1/11.jpg]
[studiowaterbear.com/__static/42e55a477cee1e8830fc5042cab0add2/6.jpg]
[studiowaterbear.com/soul-devourer/index.html]
[studiowaterbear.com/__static/468c171ae0741e65e443341d87c653ab/logo-no-word-m.png]
[studiowaterbear.com/about-us/index.html]
[studiowaterbear.com/contact/index.html]
[studiowaterbear.com/privacy-and-cookies-policy/index.html]
